<?xml version="1.0" encoding="UTF-8"?>
<coverage generated="1776402138965" clover="3.2.0">
  <project timestamp="1776402138966" name="All files">
    <metrics statements="66" coveredstatements="59" conditionals="47" coveredconditionals="29" methods="17" coveredmethods="11" elements="130" coveredelements="99" complexity="0" loc="66" ncloc="66" packages="2" files="2" classes="2"/>
    <package name="components.investment-genie">
      <metrics statements="37" coveredstatements="31" conditionals="20" coveredconditionals="16" methods="14" coveredmethods="8"/>
      <file name="InvestmentGenieForm.tsx" path="C:\Antigravity\Fortress\fortress-app\components\investment-genie\InvestmentGenieForm.tsx">
        <metrics statements="37" coveredstatements="31" conditionals="20" coveredconditionals="16" methods="14" coveredmethods="8"/>
        <line num="1" count="1" type="stmt"/>
        <line num="7" count="9" type="stmt"/>
        <line num="8" count="9" type="stmt"/>
        <line num="9" count="9" type="stmt"/>
        <line num="10" count="9" type="stmt"/>
        <line num="11" count="9" type="stmt"/>
        <line num="12" count="9" type="stmt"/>
        <line num="13" count="9" type="stmt"/>
        <line num="15" count="9" type="stmt"/>
        <line num="17" count="9" type="stmt"/>
        <line num="18" count="1" type="cond" truecount="1" falsecount="1"/>
        <line num="19" count="0" type="stmt"/>
        <line num="21" count="1" type="stmt"/>
        <line num="25" count="9" type="stmt"/>
        <line num="26" count="2" type="stmt"/>
        <line num="27" count="2" type="stmt"/>
        <line num="29" count="2" type="cond" truecount="3" falsecount="1"/>
        <line num="30" count="2" type="cond" truecount="2" falsecount="0"/>
        <line num="31" count="2" type="cond" truecount="2" falsecount="0"/>
        <line num="33" count="2" type="cond" truecount="2" falsecount="0"/>
        <line num="34" count="1" type="stmt"/>
        <line num="35" count="1" type="stmt"/>
        <line num="38" count="1" type="stmt"/>
        <line num="39" count="1" type="stmt"/>
        <line num="49" count="1" type="cond" truecount="1" falsecount="1"/>
        <line num="50" count="1" type="stmt"/>
        <line num="54" count="9" type="stmt"/>
        <line num="64" count="0" type="stmt"/>
        <line num="76" count="3" type="stmt"/>
        <line num="87" count="0" type="stmt"/>
        <line num="101" count="27" type="stmt"/>
        <line num="107" count="0" type="stmt"/>
        <line num="118" count="45" type="stmt"/>
        <line num="123" count="1" type="stmt"/>
        <line num="140" count="0" type="stmt"/>
        <line num="148" count="27" type="stmt"/>
        <line num="154" count="0" type="stmt"/>
      </file>
    </package>
    <package name="lib.investment-genie">
      <metrics statements="29" coveredstatements="28" conditionals="27" coveredconditionals="13" methods="3" coveredmethods="3"/>
      <file name="queries.ts" path="C:\Antigravity\Fortress\fortress-app\lib\investment-genie\queries.ts">
        <metrics statements="29" coveredstatements="28" conditionals="27" coveredconditionals="13" methods="3" coveredmethods="3"/>
        <line num="4" count="2" type="stmt"/>
        <line num="5" count="2" type="stmt"/>
        <line num="6" count="2" type="stmt"/>
        <line num="7" count="2" type="cond" truecount="2" falsecount="0"/>
        <line num="8" count="1" type="stmt"/>
        <line num="10" count="1" type="stmt"/>
        <line num="12" count="1" type="stmt"/>
        <line num="13" count="1" type="stmt"/>
        <line num="23" count="2" type="stmt"/>
        <line num="24" count="2" type="stmt"/>
        <line num="25" count="1" type="cond" truecount="1" falsecount="1"/>
        <line num="26" count="0" type="stmt"/>
        <line num="28" count="1" type="stmt"/>
        <line num="31" count="1" type="cond" truecount="1" falsecount="1"/>
        <line num="34" count="2" type="cond" truecount="2" falsecount="2"/>
        <line num="35" count="2" type="cond" truecount="2" falsecount="2"/>
        <line num="36" count="2" type="cond" truecount="1" falsecount="3"/>
        <line num="37" count="2" type="cond" truecount="1" falsecount="3"/>
        <line num="39" count="2" type="stmt"/>
        <line num="47" count="1" type="stmt"/>
        <line num="48" count="1" type="stmt"/>
        <line num="69" count="2" type="stmt"/>
        <line num="70" count="2" type="stmt"/>
        <line num="71" count="2" type="cond" truecount="2" falsecount="0"/>
        <line num="72" count="1" type="stmt"/>
        <line num="74" count="1" type="stmt"/>
        <line num="75" count="1" type="cond" truecount="1" falsecount="2"/>
        <line num="77" count="1" type="stmt"/>
        <line num="78" count="1" type="stmt"/>
      </file>
    </package>
  </project>
</coverage>
