{"C:\\Antigravity\\Fortress\\fortress-app\\components\\investment-genie\\InvestmentGenieForm.tsx": {"path":"C:\\Antigravity\\Fortress\\fortress-app\\components\\investment-genie\\InvestmentGenieForm.tsx","statementMap":{"0":{"start":{"line":1,"column":0},"end":{"line":1,"column":null}},"1":{"start":{"line":7,"column":14},"end":{"line":7,"column":44}},"2":{"start":{"line":8,"column":17},"end":{"line":8,"column":52}},"3":{"start":{"line":9,"column":18},"end":{"line":9,"column":71}},"4":{"start":{"line":10,"column":21},"end":{"line":10,"column":89}},"5":{"start":{"line":11,"column":20},"end":{"line":11,"column":74}},"6":{"start":{"line":12,"column":23},"end":{"line":12,"column":62}},"7":{"start":{"line":13,"column":26},"end":{"line":13,"column":98}},"8":{"start":{"line":15,"column":17},"end":{"line":15,"column":66}},"9":{"start":{"line":17,"column":8},"end":{"line":21,"column":null}},"10":{"start":{"line":18,"column":4},"end":{"line":21,"column":null}},"11":{"start":{"line":19,"column":6},"end":{"line":19,"column":null}},"12":{"start":{"line":19,"column":41},"end":{"line":19,"column":55}},"13":{"start":{"line":21,"column":6},"end":{"line":21,"column":null}},"14":{"start":{"line":25,"column":8},"end":{"line":50,"column":null}},"15":{"start":{"line":26,"column":4},"end":{"line":26,"column":null}},"16":{"start":{"line":27,"column":46},"end":{"line":27,"column":48}},"17":{"start":{"line":29,"column":4},"end":{"line":29,"column":null}},"18":{"start":{"line":29,"column":30},"end":{"line":29,"column":null}},"19":{"start":{"line":30,"column":4},"end":{"line":30,"column":null}},"20":{"start":{"line":30,"column":22},"end":{"line":30,"column":null}},"21":{"start":{"line":31,"column":4},"end":{"line":31,"column":null}},"22":{"start":{"line":31,"column":32},"end":{"line":31,"column":null}},"23":{"start":{"line":33,"column":4},"end":{"line":35,"column":null}},"24":{"start":{"line":34,"column":6},"end":{"line":34,"column":null}},"25":{"start":{"line":35,"column":6},"end":{"line":35,"column":null}},"26":{"start":{"line":38,"column":4},"end":{"line":38,"column":null}},"27":{"start":{"line":39,"column":33},"end":{"line":47,"column":null}},"28":{"start":{"line":49,"column":4},"end":{"line":50,"column":null}},"29":{"start":{"line":50,"column":6},"end":{"line":50,"column":null}},"30":{"start":{"line":54,"column":2},"end":{"line":164,"column":null}},"31":{"start":{"line":64,"column":27},"end":{"line":64,"column":57}},"32":{"start":{"line":76,"column":27},"end":{"line":76,"column":60}},"33":{"start":{"line":87,"column":27},"end":{"line":87,"column":79}},"34":{"start":{"line":101,"column":10},"end":{"line":111,"column":null}},"35":{"start":{"line":107,"column":30},"end":{"line":107,"column":50}},"36":{"start":{"line":118,"column":10},"end":{"line":127,"column":null}},"37":{"start":{"line":123,"column":30},"end":{"line":123,"column":52}},"38":{"start":{"line":140,"column":27},"end":{"line":140,"column":66}},"39":{"start":{"line":148,"column":10},"end":{"line":158,"column":null}},"40":{"start":{"line":154,"column":30},"end":{"line":154,"column":59}}},"fnMap":{"0":{"name":"InvestmentGenieForm","decl":{"start":{"line":6,"column":16},"end":{"line":6,"column":36}},"loc":{"start":{"line":6,"column":97},"end":{"line":164,"column":null}},"line":6},"1":{"name":"(anonymous_1)","decl":{"start":{"line":17,"column":8},"end":{"line":17,"column":25}},"loc":{"start":{"line":17,"column":71},"end":{"line":21,"column":null}},"line":17},"2":{"name":"(anonymous_2)","decl":{"start":{"line":19,"column":29},"end":{"line":19,"column":36}},"loc":{"start":{"line":19,"column":41},"end":{"line":19,"column":55}},"line":19},"3":{"name":"(anonymous_3)","decl":{"start":{"line":25,"column":8},"end":{"line":25,"column":24}},"loc":{"start":{"line":25,"column":47},"end":{"line":50,"column":null}},"line":25},"4":{"name":"(anonymous_4)","decl":{"start":{"line":64,"column":10},"end":{"line":64,"column":21}},"loc":{"start":{"line":64,"column":27},"end":{"line":64,"column":57}},"line":64},"5":{"name":"(anonymous_5)","decl":{"start":{"line":76,"column":10},"end":{"line":76,"column":21}},"loc":{"start":{"line":76,"column":27},"end":{"line":76,"column":60}},"line":76},"6":{"name":"(anonymous_6)","decl":{"start":{"line":87,"column":10},"end":{"line":87,"column":21}},"loc":{"start":{"line":87,"column":27},"end":{"line":87,"column":79}},"line":87},"7":{"name":"(anonymous_7)","decl":{"start":{"line":100,"column":64},"end":{"line":100,"column":68}},"loc":{"start":{"line":101,"column":10},"end":{"line":111,"column":null}},"line":101},"8":{"name":"(anonymous_8)","decl":{"start":{"line":107,"column":14},"end":{"line":107,"column":30}},"loc":{"start":{"line":107,"column":30},"end":{"line":107,"column":50}},"line":107},"9":{"name":"(anonymous_9)","decl":{"start":{"line":117,"column":69},"end":{"line":117,"column":73}},"loc":{"start":{"line":118,"column":10},"end":{"line":127,"column":null}},"line":118},"10":{"name":"(anonymous_10)","decl":{"start":{"line":123,"column":14},"end":{"line":123,"column":30}},"loc":{"start":{"line":123,"column":30},"end":{"line":123,"column":52}},"line":123},"11":{"name":"(anonymous_11)","decl":{"start":{"line":140,"column":10},"end":{"line":140,"column":21}},"loc":{"start":{"line":140,"column":27},"end":{"line":140,"column":66}},"line":140},"12":{"name":"(anonymous_12)","decl":{"start":{"line":147,"column":55},"end":{"line":147,"column":59}},"loc":{"start":{"line":148,"column":10},"end":{"line":158,"column":null}},"line":148},"13":{"name":"(anonymous_13)","decl":{"start":{"line":154,"column":14},"end":{"line":154,"column":30}},"loc":{"start":{"line":154,"column":30},"end":{"line":154,"column":59}},"line":154}},"branchMap":{"0":{"loc":{"start":{"line":18,"column":4},"end":{"line":21,"column":null}},"type":"if","locations":[{"start":{"line":18,"column":4},"end":{"line":21,"column":null}},{"start":{"line":20,"column":11},"end":{"line":21,"column":null}}],"line":18},"1":{"loc":{"start":{"line":29,"column":4},"end":{"line":29,"column":null}},"type":"if","locations":[{"start":{"line":29,"column":4},"end":{"line":29,"column":null}},{"start":{},"end":{}}],"line":29},"2":{"loc":{"start":{"line":29,"column":8},"end":{"line":29,"column":30}},"type":"binary-expr","locations":[{"start":{"line":29,"column":8},"end":{"line":29,"column":20}},{"start":{"line":29,"column":20},"end":{"line":29,"column":30}}],"line":29},"3":{"loc":{"start":{"line":30,"column":4},"end":{"line":30,"column":null}},"type":"if","locations":[{"start":{"line":30,"column":4},"end":{"line":30,"column":null}},{"start":{},"end":{}}],"line":30},"4":{"loc":{"start":{"line":31,"column":4},"end":{"line":31,"column":null}},"type":"if","locations":[{"start":{"line":31,"column":4},"end":{"line":31,"column":null}},{"start":{},"end":{}}],"line":31},"5":{"loc":{"start":{"line":33,"column":4},"end":{"line":35,"column":null}},"type":"if","locations":[{"start":{"line":33,"column":4},"end":{"line":35,"column":null}},{"start":{},"end":{}}],"line":33},"6":{"loc":{"start":{"line":49,"column":4},"end":{"line":50,"column":null}},"type":"if","locations":[{"start":{"line":49,"column":4},"end":{"line":50,"column":null}},{"start":{},"end":{}}],"line":49},"7":{"loc":{"start":{"line":67,"column":9},"end":{"line":67,"column":null}},"type":"binary-expr","locations":[{"start":{"line":67,"column":9},"end":{"line":67,"column":23}},{"start":{"line":67,"column":23},"end":{"line":67,"column":null}}],"line":67},"8":{"loc":{"start":{"line":79,"column":9},"end":{"line":79,"column":null}},"type":"binary-expr","locations":[{"start":{"line":79,"column":9},"end":{"line":79,"column":26}},{"start":{"line":79,"column":26},"end":{"line":79,"column":null}}],"line":79},"9":{"loc":{"start":{"line":129,"column":9},"end":{"line":129,"column":null}},"type":"binary-expr","locations":[{"start":{"line":129,"column":9},"end":{"line":129,"column":29}},{"start":{"line":129,"column":29},"end":{"line":129,"column":null}}],"line":129}},"s":{"0":1,"1":9,"2":9,"3":9,"4":9,"5":9,"6":9,"7":9,"8":9,"9":9,"10":1,"11":0,"12":0,"13":1,"14":9,"15":2,"16":2,"17":2,"18":0,"19":2,"20":1,"21":2,"22":1,"23":2,"24":1,"25":1,"26":1,"27":1,"28":1,"29":1,"30":9,"31":0,"32":3,"33":0,"34":27,"35":0,"36":45,"37":1,"38":0,"39":27,"40":0},"f":{"0":9,"1":1,"2":0,"3":2,"4":0,"5":3,"6":0,"7":27,"8":0,"9":45,"10":1,"11":0,"12":27,"13":0},"b":{"0":[0,1],"1":[0,2],"2":[2,2],"3":[1,1],"4":[1,1],"5":[1,1],"6":[1,0],"7":[9,0],"8":[9,1],"9":[9,1]},"meta":{"lastBranch":10,"lastFunction":14,"lastStatement":41,"seen":{"s:1:0:1:Infinity":0,"f:6:16:6:36":0,"s:7:14:7:44":1,"s:8:17:8:52":2,"s:9:18:9:71":3,"s:10:21:10:89":4,"s:11:20:11:74":5,"s:12:23:12:62":6,"s:13:26:13:98":7,"s:15:17:15:66":8,"s:17:8:21:Infinity":9,"f:17:8:17:25":1,"b:18:4:21:Infinity:20:11:21:Infinity":0,"s:18:4:21:Infinity":10,"s:19:6:19:Infinity":11,"f:19:29:19:36":2,"s:19:41:19:55":12,"s:21:6:21:Infinity":13,"s:25:8:50:Infinity":14,"f:25:8:25:24":3,"s:26:4:26:Infinity":15,"s:27:46:27:48":16,"b:29:4:29:Infinity:undefined:undefined:undefined:undefined":1,"s:29:4:29:Infinity":17,"b:29:8:29:20:29:20:29:30":2,"s:29:30:29:Infinity":18,"b:30:4:30:Infinity:undefined:undefined:undefined:undefined":3,"s:30:4:30:Infinity":19,"s:30:22:30:Infinity":20,"b:31:4:31:Infinity:undefined:undefined:undefined:undefined":4,"s:31:4:31:Infinity":21,"s:31:32:31:Infinity":22,"b:33:4:35:Infinity:undefined:undefined:undefined:undefined":5,"s:33:4:35:Infinity":23,"s:34:6:34:Infinity":24,"s:35:6:35:Infinity":25,"s:38:4:38:Infinity":26,"s:39:33:47:Infinity":27,"b:49:4:50:Infinity:undefined:undefined:undefined:undefined":6,"s:49:4:50:Infinity":28,"s:50:6:50:Infinity":29,"s:54:2:164:Infinity":30,"f:64:10:64:21":4,"s:64:27:64:57":31,"b:67:9:67:23:67:23:67:Infinity":7,"f:76:10:76:21":5,"s:76:27:76:60":32,"b:79:9:79:26:79:26:79:Infinity":8,"f:87:10:87:21":6,"s:87:27:87:79":33,"f:100:64:100:68":7,"s:101:10:111:Infinity":34,"f:107:14:107:30":8,"s:107:30:107:50":35,"f:117:69:117:73":9,"s:118:10:127:Infinity":36,"f:123:14:123:30":10,"s:123:30:123:52":37,"b:129:9:129:29:129:29:129:Infinity":9,"f:140:10:140:21":11,"s:140:27:140:66":38,"f:147:55:147:59":12,"s:148:10:158:Infinity":39,"f:154:14:154:30":13,"s:154:30:154:59":40}}}
,"C:\\Antigravity\\Fortress\\fortress-app\\lib\\investment-genie\\queries.ts": {"path":"C:\\Antigravity\\Fortress\\fortress-app\\lib\\investment-genie\\queries.ts","statementMap":{"0":{"start":{"line":4,"column":2},"end":{"line":18,"column":null}},"1":{"start":{"line":5,"column":25},"end":{"line":5,"column":42}},"2":{"start":{"line":6,"column":16},"end":{"line":6,"column":72}},"3":{"start":{"line":7,"column":4},"end":{"line":8,"column":null}},"4":{"start":{"line":8,"column":8},"end":{"line":8,"column":null}},"5":{"start":{"line":10,"column":4},"end":{"line":10,"column":null}},"6":{"start":{"line":12,"column":4},"end":{"line":12,"column":null}},"7":{"start":{"line":13,"column":4},"end":{"line":18,"column":null}},"8":{"start":{"line":23,"column":2},"end":{"line":64,"column":null}},"9":{"start":{"line":24,"column":16},"end":{"line":24,"column":49}},"10":{"start":{"line":25,"column":4},"end":{"line":26,"column":null}},"11":{"start":{"line":26,"column":8},"end":{"line":26,"column":null}},"12":{"start":{"line":28,"column":17},"end":{"line":28,"column":33}},"13":{"start":{"line":31,"column":36},"end":{"line":31,"column":null}},"14":{"start":{"line":34,"column":21},"end":{"line":34,"column":null}},"15":{"start":{"line":35,"column":22},"end":{"line":35,"column":null}},"16":{"start":{"line":36,"column":26},"end":{"line":36,"column":null}},"17":{"start":{"line":37,"column":24},"end":{"line":37,"column":null}},"18":{"start":{"line":39,"column":4},"end":{"line":45,"column":null}},"19":{"start":{"line":47,"column":4},"end":{"line":47,"column":null}},"20":{"start":{"line":48,"column":4},"end":{"line":64,"column":null}},"21":{"start":{"line":69,"column":2},"end":{"line":78,"column":null}},"22":{"start":{"line":70,"column":16},"end":{"line":70,"column":55}},"23":{"start":{"line":71,"column":4},"end":{"line":72,"column":null}},"24":{"start":{"line":72,"column":8},"end":{"line":72,"column":null}},"25":{"start":{"line":74,"column":17},"end":{"line":74,"column":33}},"26":{"start":{"line":75,"column":4},"end":{"line":75,"column":null}},"27":{"start":{"line":77,"column":4},"end":{"line":77,"column":null}},"28":{"start":{"line":78,"column":4},"end":{"line":78,"column":null}}},"fnMap":{"0":{"name":"queryScanResults","decl":{"start":{"line":3,"column":22},"end":{"line":3,"column":39}},"loc":{"start":{"line":3,"column":77},"end":{"line":18,"column":null}},"line":3},"1":{"name":"queryMacroSnapshot","decl":{"start":{"line":22,"column":22},"end":{"line":22,"column":64}},"loc":{"start":{"line":22,"column":64},"end":{"line":64,"column":null}},"line":22},"2":{"name":"queryIntelligence","decl":{"start":{"line":68,"column":22},"end":{"line":68,"column":61}},"loc":{"start":{"line":68,"column":61},"end":{"line":78,"column":null}},"line":68}},"branchMap":{"0":{"loc":{"start":{"line":7,"column":4},"end":{"line":8,"column":null}},"type":"if","locations":[{"start":{"line":7,"column":4},"end":{"line":8,"column":null}},{"start":{},"end":{}}],"line":7},"1":{"loc":{"start":{"line":25,"column":4},"end":{"line":26,"column":null}},"type":"if","locations":[{"start":{"line":25,"column":4},"end":{"line":26,"column":null}},{"start":{},"end":{}}],"line":25},"2":{"loc":{"start":{"line":31,"column":36},"end":{"line":31,"column":null}},"type":"binary-expr","locations":[{"start":{"line":31,"column":36},"end":{"line":31,"column":53}},{"start":{"line":31,"column":53},"end":{"line":31,"column":null}}],"line":31},"3":{"loc":{"start":{"line":34,"column":21},"end":{"line":34,"column":null}},"type":"cond-expr","locations":[{"start":{"line":34,"column":45},"end":{"line":34,"column":57}},{"start":{"line":34,"column":57},"end":{"line":34,"column":null}}],"line":34},"4":{"loc":{"start":{"line":34,"column":57},"end":{"line":34,"column":null}},"type":"cond-expr","locations":[{"start":{"line":34,"column":81},"end":{"line":34,"column":94}},{"start":{"line":34,"column":94},"end":{"line":34,"column":null}}],"line":34},"5":{"loc":{"start":{"line":35,"column":22},"end":{"line":35,"column":null}},"type":"cond-expr","locations":[{"start":{"line":35,"column":48},"end":{"line":35,"column":63}},{"start":{"line":35,"column":63},"end":{"line":35,"column":null}}],"line":35},"6":{"loc":{"start":{"line":35,"column":63},"end":{"line":35,"column":null}},"type":"cond-expr","locations":[{"start":{"line":35,"column":89},"end":{"line":35,"column":110}},{"start":{"line":35,"column":110},"end":{"line":35,"column":null}}],"line":35},"7":{"loc":{"start":{"line":36,"column":26},"end":{"line":36,"column":null}},"type":"cond-expr","locations":[{"start":{"line":36,"column":51},"end":{"line":36,"column":64}},{"start":{"line":36,"column":64},"end":{"line":36,"column":null}}],"line":36},"8":{"loc":{"start":{"line":36,"column":64},"end":{"line":36,"column":null}},"type":"cond-expr","locations":[{"start":{"line":36,"column":89},"end":{"line":36,"column":104}},{"start":{"line":36,"column":104},"end":{"line":36,"column":null}}],"line":36},"9":{"loc":{"start":{"line":37,"column":24},"end":{"line":37,"column":null}},"type":"cond-expr","locations":[{"start":{"line":37,"column":51},"end":{"line":37,"column":63}},{"start":{"line":37,"column":63},"end":{"line":37,"column":null}}],"line":37},"10":{"loc":{"start":{"line":37,"column":63},"end":{"line":37,"column":null}},"type":"cond-expr","locations":[{"start":{"line":37,"column":90},"end":{"line":37,"column":105}},{"start":{"line":37,"column":105},"end":{"line":37,"column":null}}],"line":37},"11":{"loc":{"start":{"line":71,"column":4},"end":{"line":72,"column":null}},"type":"if","locations":[{"start":{"line":71,"column":4},"end":{"line":72,"column":null}},{"start":{},"end":{}}],"line":71},"12":{"loc":{"start":{"line":75,"column":12},"end":{"line":75,"column":38}},"type":"binary-expr","locations":[{"start":{"line":75,"column":12},"end":{"line":75,"column":28}},{"start":{"line":75,"column":28},"end":{"line":75,"column":36}},{"start":{"line":75,"column":36},"end":{"line":75,"column":38}}],"line":75}},"s":{"0":2,"1":2,"2":2,"3":2,"4":1,"5":1,"6":1,"7":1,"8":2,"9":2,"10":1,"11":0,"12":1,"13":1,"14":2,"15":2,"16":2,"17":2,"18":2,"19":1,"20":1,"21":2,"22":2,"23":2,"24":1,"25":1,"26":1,"27":1,"28":1},"f":{"0":2,"1":2,"2":2},"b":{"0":[1,1],"1":[0,1],"2":[1,0],"3":[0,1],"4":[1,0],"5":[0,1],"6":[1,0],"7":[1,0],"8":[0,0],"9":[1,0],"10":[0,0],"11":[1,1],"12":[1,0,0]},"meta":{"lastBranch":13,"lastFunction":3,"lastStatement":29,"seen":{"f:3:22:3:39":0,"s:4:2:18:Infinity":0,"s:5:25:5:42":1,"s:6:16:6:72":2,"b:7:4:8:Infinity:undefined:undefined:undefined:undefined":0,"s:7:4:8:Infinity":3,"s:8:8:8:Infinity":4,"s:10:4:10:Infinity":5,"s:12:4:12:Infinity":6,"s:13:4:18:Infinity":7,"f:22:22:22:64":1,"s:23:2:64:Infinity":8,"s:24:16:24:49":9,"b:25:4:26:Infinity:undefined:undefined:undefined:undefined":1,"s:25:4:26:Infinity":10,"s:26:8:26:Infinity":11,"s:28:17:28:33":12,"s:31:36:31:Infinity":13,"b:31:36:31:53:31:53:31:Infinity":2,"s:34:21:34:Infinity":14,"b:34:45:34:57:34:57:34:Infinity":3,"b:34:81:34:94:34:94:34:Infinity":4,"s:35:22:35:Infinity":15,"b:35:48:35:63:35:63:35:Infinity":5,"b:35:89:35:110:35:110:35:Infinity":6,"s:36:26:36:Infinity":16,"b:36:51:36:64:36:64:36:Infinity":7,"b:36:89:36:104:36:104:36:Infinity":8,"s:37:24:37:Infinity":17,"b:37:51:37:63:37:63:37:Infinity":9,"b:37:90:37:105:37:105:37:Infinity":10,"s:39:4:45:Infinity":18,"s:47:4:47:Infinity":19,"s:48:4:64:Infinity":20,"f:68:22:68:61":2,"s:69:2:78:Infinity":21,"s:70:16:70:55":22,"b:71:4:72:Infinity:undefined:undefined:undefined:undefined":11,"s:71:4:72:Infinity":23,"s:72:8:72:Infinity":24,"s:74:17:74:33":25,"s:75:4:75:Infinity":26,"b:75:12:75:28:75:28:75:36:75:36:75:38":12,"s:77:4:77:Infinity":27,"s:78:4:78:Infinity":28}}}
}
